@ NAME             %05s "TWISS"
@ TYPE             %05s "TWISS"
@ SEQUENCE         %08s "TERARING"
@ PARTICLE         %07s "DEFAULT"
@ MASS             %le            11.17467
@ CHARGE           %le                   6
@ ENERGY           %le            16.33467
@ PC               %le         11.91420137
@ GAMMA            %le         1.461758602
@ KBUNCH           %le                   1
@ BCURRENT         %le       0.01883178829
@ SIGE             %le               0.001
@ SIGT             %le                   1
@ NPART            %le               2e+10
@ EX               %le     5.252400059e-06
@ EY               %le     9.379285819e-07
@ ET               %le               0.001
@ BV_FLAG          %le                   1
@ LENGTH           %le         27.13805208
@ ALFA             %le        0.3425281913
@ ORBIT5           %le                  -0
@ GAMMATR          %le         1.708644997
@ Q1               %le         1.721234029
@ Q2               %le         1.089513492
@ DQ1              %le         10.97647416
@ DQ2              %le        -18.54605084
@ DXMAX            %le         2.735358303
@ DYMAX            %le                   0
@ XCOMAX           %le                   0
@ YCOMAX           %le                   0
@ BETXMAX          %le         5.156648552
@ BETYMAX          %le         10.76555975
@ XCORMS           %le                   0
@ YCORMS           %le                   0
@ DXRMS            %le         2.303746023
@ DYRMS            %le                   0
@ DELTAP           %le                   0
@ SYNCH_1          %le                   0
@ SYNCH_2          %le                   0
@ SYNCH_3          %le                   0
@ SYNCH_4          %le                   0
@ SYNCH_5          %le                   0
@ SYNCH_6          %le                   0
@ SYNCH_8          %le                   0
@ DQMIN            %le                   0
@ DQMIN_PHASE      %le                   0
@ TITLE            %01s "s"
@ ORIGIN           %17s "5.09.01 Darwin 64"
@ DATE             %08s "15/05/24"
@ TIME             %08s "11.12.44"
* NAME                                S               BETX               BETY                 DX                 DY                MUX                MUY                  L             APER_1             APER_2 
$ %s                                %le                %le                %le                %le                %le                %le                %le                %le                %le                %le 
 "TERARING$START"                     0        4.510168815        3.996553956        2.138422139                  0                  0                  0                  0                  0                  0
 "START_MACHINE"                      0        4.510168815        3.996553956        2.138422139                  0                  0                  0                  0                  0                  0
 "TERACELL1$START"                    0        4.510168815        3.996553956        2.138422139                  0                  0                  0                  0                  0                  0
 "FRINGE1.1"                          0        4.510168815        3.996553956        2.138422139                  0                  0                  0                  0                  0                  0
 "FRINGE2.1"                          0        4.510168815        3.996553956        2.138422139                  0                  0                  0                  0                  0                  0
 "FRINGE3.1"                          0        4.510168815        3.996553956        2.138422139                  0                  0                  0                  0                  0                  0
 "MB1.1"                   0.3730641276        5.156648552        4.957110431        2.085343565                  0      0.01204940878      0.01357028442       0.7461282552                  0                  0
 "MULTI1.1"                0.7461282552        4.529563426        7.190834065        1.854414234                  0      0.02407294412      0.02368160771                  0                  0                  0
 "MB2.1"                    1.119192383        3.652752681        9.782537708        1.643831778                  0      0.03883094555      0.03065054507       0.7461282552                  0                  0
 "MULTI2.1"                  1.49225651        3.327036474        10.76555975        1.628802411                  0      0.05605966204      0.03634551951                  0                  0                  0
 "MB3.1"                    1.865320638        3.476322588        9.774883417        1.808460818                  0      0.07372192244      0.04204272422       0.7461282552                  0                  0
 "MULTI3.1"                 2.238384766        4.135486511        7.178367681        2.193150838                  0        0.089557605      0.04902044629                  0                  0                  0
 "MB4.1"                    2.611448893        4.559896039        4.941805858        2.579632164                  0       0.1029421066      0.05915623744       0.7461282552                  0                  0
 "FRINGE4.1"                2.984513021        3.873006958        3.977287769        2.722567588                  0       0.1167738259      0.07278052932                  0                  0                  0
 "FRINGE5.1"                2.984513021        3.873006958        3.977287769        2.722567588                  0       0.1167738259      0.07278052932                  0                  0                  0
 "FRINGE6.1"                2.984513021        3.873006958        3.977287769        2.722567588                  0       0.1167738259      0.07278052932                  0                  0                  0
 "DRIFT_0"                  3.159513021        3.352444296        3.759538311        2.728163458                  0       0.1245064007      0.07998572491               0.35                  0                  0
 "QQ1A.1"                   3.384513021        2.762501652        3.512899709         2.73495853                  0       0.1362828098      0.08984703245                0.1                  0                  0
 "DRIFT_1"                  4.734513021        1.087619912        2.878801729        2.735358303                  0       0.2783484777       0.1596356991                2.6                  0                  0
 "QQ1B.1"                   6.084513021        2.762501652        3.512899709         2.73495853                  0       0.4204141455       0.2294243657                0.1                  0                  0
 "DRIFT_2"                  6.259513021        3.213733562        3.701360852        2.729762278                  0       0.4297660601       0.2371523573               0.25                  0                  0
 "XS2.1"                    6.384513021        3.568861609        3.850168393        2.725765228                  0        0.435641752       0.2424233081                  0                  0                  0
 "DRIFT_3"                  6.434513021        3.718707293        3.912831043        2.724166408                  0       0.4378262061        0.244473605                0.1                  0                  0
 "TERACELL1$END"            6.484513021        3.873006958        3.977287769        2.722567588                  0       0.4399231295       0.2464908688                  0                  0                  0
 "TERACELL2$START"          6.484513021        3.873006958        3.977287769        2.722567588                  0       0.4399231295       0.2464908688                  0                  0                  0
 "FRINGE1.2"                6.484513021        3.873006958        3.977287769        2.722567588                  0       0.4399231295       0.2464908688                  0                  0                  0
 "FRINGE2.2"                6.484513021        3.873006958        3.977287769        2.722567588                  0       0.4399231295       0.2464908688                  0                  0                  0
 "FRINGE3.2"                6.484513021        3.873006958        3.977287769        2.722567588                  0       0.4399231295       0.2464908688                  0                  0                  0
 "MB1.2"                    6.857577149        4.559896039        4.941805858        2.579632164                  0       0.4537548487       0.2601151607       0.7461282552                  0                  0
 "MULTI1.2"                 7.230641276        4.135486511        7.178367681        2.193150838                  0       0.4671393503       0.2702509519                  0                  0                  0
 "MB2.2"                    7.603705404        3.476322588        9.774883417        1.808460818                  0       0.4829750329       0.2772286739       0.7461282552                  0                  0
 "MULTI2.2"                 7.976769531        3.327036474        10.76555975        1.628802411                  0       0.5006372933       0.2829258786                  0                  0                  0
 "MB3.2"                    8.349833659        3.652752681        9.782537708        1.643831778                  0       0.5178660098       0.2886208531       0.7461282552                  0                  0
 "MULTI3.2"                 8.722897787        4.529563426        7.190834065        1.854414234                  0       0.5326240112       0.2955897904                  0                  0                  0
 "MB4.2"                    9.095961914        5.156648552        4.957110431        2.085343565                  0       0.5446475465       0.3057011137       0.7461282552                  0                  0
 "FRINGE4.2"                9.469026042        4.510168815        3.996553956        2.138422139                  0       0.5566969553       0.3192713982                  0                  0                  0
 "FRINGE5.2"                9.469026042        4.510168815        3.996553956        2.138422139                  0       0.5566969553       0.3192713982                  0                  0                  0
 "FRINGE6.2"                9.469026042        4.510168815        3.996553956        2.138422139                  0       0.5566969553       0.3192713982                  0                  0                  0
 "DRIFT_4"                  9.644026042        3.961120229        3.781022353        2.119531882                  0       0.5632883441       0.3264387301               0.35                  0                  0
 "QQ2A.2"                   9.869026042        3.333188538        3.531282574        2.096595014                  0        0.573155226       0.3362396816                0.1                  0                  0
 "DRIFT_5"                  11.51902604        1.445432473        2.402701922        2.095246722                  0       0.7086569849       0.4320140722                3.2                  0                  0
 "QQ2B.2"                   13.16902604        3.333188538        3.531282574        2.096595014                  0       0.8441587439       0.5277884628                0.1                  0                  0
 "DRIFT_6"                  13.36902604        3.886776159        3.752006686        2.116833274                  0        0.853011576       0.5365330178                0.3                  0                  0
 "XS1.2"                    13.51902604        4.348183489        3.932755295        2.133024923                  0       0.8588200106       0.5427494551                  0                  0                  0
 "DRIFT_7"                  13.54402604        4.428664722        3.964432805        2.135723531                  0       0.8597267284       0.5437571384               0.05                  0                  0
 "TERACELL2$END"            13.56902604        4.510168815        3.996553956        2.138422139                  0       0.8606170146       0.5447567462                  0                  0                  0
 "TERACELL3$START"          13.56902604        4.510168815        3.996553956        2.138422139                  0       0.8606170146       0.5447567462                  0                  0                  0
 "FRINGE1.3"                13.56902604        4.510168815        3.996553956        2.138422139                  0       0.8606170146       0.5447567462                  0                  0                  0
 "FRINGE2.3"                13.56902604        4.510168815        3.996553956        2.138422139                  0       0.8606170146       0.5447567462                  0                  0                  0
 "FRINGE3.3"                13.56902604        4.510168815        3.996553956        2.138422139                  0       0.8606170146       0.5447567462                  0                  0                  0
 "MB1.3"                    13.94209017        5.156648552        4.957110431        2.085343565                  0       0.8726664234       0.5583270306       0.7461282552                  0                  0
 "MULTI1.3"                  14.3151543        4.529563426        7.190834065        1.854414234                  0       0.8846899587       0.5684383539                  0                  0                  0
 "MB2.3"                    14.68821842        3.652752681        9.782537708        1.643831778                  0       0.8994479601       0.5754072913       0.7461282552                  0                  0
 "MULTI2.3"                 15.06128255        3.327036474        10.76555975        1.628802411                  0       0.9166766766       0.5811022657                  0                  0                  0
 "MB3.3"                    15.43434668        3.476322588        9.774883417        1.808460818                  0        0.934338937       0.5867994704       0.7461282552                  0                  0
 "MULTI3.3"                 15.80741081        4.135486511        7.178367681        2.193150838                  0       0.9501746196       0.5937771925                  0                  0                  0
 "MB4.3"                    16.18047494        4.559896039        4.941805858        2.579632164                  0       0.9635591211       0.6039129836       0.7461282552                  0                  0
 "FRINGE4.3"                16.55353906        3.873006958        3.977287769        2.722567588                  0       0.9773908404       0.6175372755                  0                  0                  0
 "FRINGE5.3"                16.55353906        3.873006958        3.977287769        2.722567588                  0       0.9773908404       0.6175372755                  0                  0                  0
 "FRINGE6.3"                16.55353906        3.873006958        3.977287769        2.722567588                  0       0.9773908404       0.6175372755                  0                  0                  0
 "DRIFT_8"                  16.72853906        3.352444296        3.759538311        2.728163458                  0       0.9851234152       0.6247424711               0.35                  0                  0
 "QQ1A.3"                   16.95353906        2.762501652        3.512899709         2.73495853                  0       0.9968998244       0.6346037786                0.1                  0                  0
 "DRIFT_9"                  18.05353906         1.14508484        2.900512151        2.735358303                  0        1.103006797       0.6906057494                2.1                  0                  0
 "XS2.3"                    19.10353906        1.676060775        3.101116449        2.735358303                  0        1.239899884       0.7475320589                  0                  0                  0
 "DRIFT_10"                 19.35353906        2.101301243        3.261773571        2.735358303                  0        1.261164818       0.7600554648                0.5                  0                  0
 "QQ1B.3"                   19.65353906        2.762501652        3.512899709         2.73495853                  0         1.28103116       0.7741811119                0.1                  0                  0
 "DRIFT_11"                 19.87853906        3.352444296        3.759538311        2.728163458                  0        1.292807569       0.7840424194               0.35                  0                  0
 "TERACELL3$END"            20.05353906        3.873006958        3.977287769        2.722567588                  0        1.300540144        0.791247615                  0                  0                  0
 "TERACELL4$START"          20.05353906        3.873006958        3.977287769        2.722567588                  0        1.300540144        0.791247615                  0                  0                  0
 "FRINGE1.4"                20.05353906        3.873006958        3.977287769        2.722567588                  0        1.300540144        0.791247615                  0                  0                  0
 "FRINGE2.4"                20.05353906        3.873006958        3.977287769        2.722567588                  0        1.300540144        0.791247615                  0                  0                  0
 "FRINGE3.4"                20.05353906        3.873006958        3.977287769        2.722567588                  0        1.300540144        0.791247615                  0                  0                  0
 "MB1.4"                    20.42660319        4.559896039        4.941805858        2.579632164                  0        1.314371863       0.8048719069       0.7461282552                  0                  0
 "MULTI1.4"                 20.79966732        4.135486511        7.178367681        2.193150838                  0        1.327756365       0.8150076981                  0                  0                  0
 "MB2.4"                    21.17273145        3.476322588        9.774883417        1.808460818                  0        1.343592047       0.8219854201       0.7461282552                  0                  0
 "MULTI2.4"                 21.54579557        3.327036474        10.76555975        1.628802411                  0        1.361254308       0.8276826248                  0                  0                  0
 "MB3.4"                     21.9188597        3.652752681        9.782537708        1.643831778                  0        1.378483024       0.8333775993       0.7461282552                  0                  0
 "MULTI3.4"                 22.29192383        4.529563426        7.190834065        1.854414234                  0        1.393241026       0.8403465366                  0                  0                  0
 "MB4.4"                    22.66498796        5.156648552        4.957110431        2.085343565                  0        1.405264561       0.8504578599       0.7461282552                  0                  0
 "FRINGE4.4"                23.03805208        4.510168815        3.996553956        2.138422139                  0         1.41731397       0.8640281443                  0                  0                  0
 "FRINGE5.4"                23.03805208        4.510168815        3.996553956        2.138422139                  0         1.41731397       0.8640281443                  0                  0                  0
 "FRINGE6.4"                23.03805208        4.510168815        3.996553956        2.138422139                  0         1.41731397       0.8640281443                  0                  0                  0
 "DRIFT_12"                 23.06305208        4.428664722        3.964432805        2.135723531                  0        1.418204256       0.8650277521               0.05                  0                  0
 "XS1.4"                    23.08805208        4.348183489        3.932755295        2.133024923                  0        1.419110974       0.8660354354                  0                  0                  0
 "DRIFT_13"                 23.23805208        3.886776159        3.752006686        2.116833274                  0        1.424919408       0.8722518727                0.3                  0                  0
 "QQ2A.4"                   23.43805208        3.333188538        3.531282574        2.096595014                  0        1.433772241       0.8809964278                0.1                  0                  0
 "DRIFT_14"                 25.08805208        1.445432473        2.402701922        2.095246722                  0           1.569274       0.9767708184                3.2                  0                  0
 "QQ2B.4"                   26.73805208        3.333188538        3.531282574        2.096595014                  0        1.704775758        1.072545209                0.1                  0                  0
 "DRIFT_15"                 26.96305208        3.961120229        3.781022353        2.119531882                  0         1.71464264         1.08234616               0.35                  0                  0
 "TERACELL4$END"            27.13805208        4.510168815        3.996553956        2.138422139                  0        1.721234029        1.089513492                  0                  0                  0
 "END_MACHINE"              27.13805208        4.510168815        3.996553956        2.138422139                  0        1.721234029        1.089513492                  0                  0                  0
 "TERARING$END"             27.13805208        4.510168815        3.996553956        2.138422139                  0        1.721234029        1.089513492                  0                  0                  0
