@ NAME             %05s "TWISS"
@ TYPE             %05s "TWISS"
@ SEQUENCE         %08s "TERARING"
@ PARTICLE         %07s "DEFAULT"
@ MASS             %le            11.17467
@ CHARGE           %le                   6
@ ENERGY           %le            16.33467
@ PC               %le         11.91420137
@ GAMMA            %le         1.461758602
@ KBUNCH           %le                   1
@ BCURRENT         %le       0.01883178829
@ SIGE             %le               0.001
@ SIGT             %le                   1
@ NPART            %le               2e+10
@ EX               %le     5.252400059e-06
@ EY               %le     9.379285819e-07
@ ET               %le               0.001
@ BV_FLAG          %le                   1
@ LENGTH           %le         27.13805208
@ ALFA             %le        0.3425281913
@ ORBIT5           %le                  -0
@ GAMMATR          %le         1.708644997
@ Q1               %le         1.721234029
@ Q2               %le         1.089513492
@ DQ1              %le         10.97647416
@ DQ2              %le        -18.54605084
@ DXMAX            %le         2.735358303
@ DYMAX            %le                   0
@ XCOMAX           %le                   0
@ YCOMAX           %le                   0
@ BETXMAX          %le         4.529563426
@ BETYMAX          %le         10.76555975
@ XCORMS           %le                   0
@ YCORMS           %le                   0
@ DXRMS            %le         2.303746023
@ DYRMS            %le                   0
@ DELTAP           %le                   0
@ SYNCH_1          %le                   0
@ SYNCH_2          %le                   0
@ SYNCH_3          %le                   0
@ SYNCH_4          %le                   0
@ SYNCH_5          %le                   0
@ SYNCH_6          %le                   0
@ SYNCH_8          %le                   0
@ DQMIN            %le                   0
@ DQMIN_PHASE      %le                   0
@ TITLE            %01s "s"
@ ORIGIN           %17s "5.09.01 Darwin 64"
@ DATE             %08s "15/05/24"
@ TIME             %08s "11.12.44"
* NAME                                S               BETX               BETY                 DX                 DY                MUX                MUY                  L             APER_1             APER_2 
$ %s                                %le                %le                %le                %le                %le                %le                %le                %le                %le                %le 
 "TERARING$START"                     0        4.510168815        3.996553956        2.138422139                  0                  0                  0                  0                  0                  0
 "START_MACHINE"                      0        4.510168815        3.996553956        2.138422139                  0                  0                  0                  0                  0                  0
 "TERACELL1$START"                    0        4.510168815        3.996553956        2.138422139                  0                  0                  0                  0                  0                  0
 "FRINGE1.1"                          0        4.510168815        3.996553956        2.138422139                  0                  0                  0                  0                  0                  0
 "FRINGE2.1"                          0        4.510168815        3.996553956        2.138422139                  0                  0                  0                  0                  0                  0
 "FRINGE3.1"                          0        4.510168815        3.996553956        2.138422139                  0                  0                  0                  0                  0                  0
 "MB1.1"                   0.7461282552        4.529563426        7.190834065        1.854414234                  0      0.02407294412      0.02368160771       0.7461282552                  0                  0
 "MULTI1.1"                0.7461282552        4.529563426        7.190834065        1.854414234                  0      0.02407294412      0.02368160771                  0                  0                  0
 "MB2.1"                     1.49225651        3.327036474        10.76555975        1.628802411                  0      0.05605966204      0.03634551951       0.7461282552                  0                  0
 "MULTI2.1"                  1.49225651        3.327036474        10.76555975        1.628802411                  0      0.05605966204      0.03634551951                  0                  0                  0
 "MB3.1"                    2.238384766        4.135486511        7.178367681        2.193150838                  0        0.089557605      0.04902044629       0.7461282552                  0                  0
 "MULTI3.1"                 2.238384766        4.135486511        7.178367681        2.193150838                  0        0.089557605      0.04902044629                  0                  0                  0
 "MB4.1"                    2.984513021        3.873006958        3.977287769        2.722567588                  0       0.1167738259      0.07278052932       0.7461282552                  0                  0
 "FRINGE4.1"                2.984513021        3.873006958        3.977287769        2.722567588                  0       0.1167738259      0.07278052932                  0                  0                  0
 "FRINGE5.1"                2.984513021        3.873006958        3.977287769        2.722567588                  0       0.1167738259      0.07278052932                  0                  0                  0
 "FRINGE6.1"                2.984513021        3.873006958        3.977287769        2.722567588                  0       0.1167738259      0.07278052932                  0                  0                  0
 "DRIFT_0"                  3.334513021        2.886442893        3.563766286        2.733759328                  0       0.1334646935      0.08759777967               0.35                  0                  0
 "QQ1A.1"                   3.434513021        2.641471567        3.465851536        2.735358303                  0       0.1392287202      0.09212783824                0.1                  0                  0
 "DRIFT_1"                  6.034513021        2.641471567        3.465851536        2.735358303                  0       0.4174682351       0.2271435599                2.6                  0                  0
 "QQ1B.1"                   6.134513021        2.886442893        3.563766286        2.733759328                  0       0.4232322618       0.2316736185                0.1                  0                  0
 "DRIFT_2"                  6.384513021        3.568861609        3.850168393        2.725765228                  0        0.435641752       0.2424233081               0.25                  0                  0
 "XS2.1"                    6.384513021        3.568861609        3.850168393        2.725765228                  0        0.435641752       0.2424233081                  0                  0                  0
 "DRIFT_3"                  6.484513021        3.873006958        3.977287769        2.722567588                  0       0.4399231295       0.2464908688                0.1                  0                  0
 "TERACELL1$END"            6.484513021        3.873006958        3.977287769        2.722567588                  0       0.4399231295       0.2464908688                  0                  0                  0
 "TERACELL2$START"          6.484513021        3.873006958        3.977287769        2.722567588                  0       0.4399231295       0.2464908688                  0                  0                  0
 "FRINGE1.2"                6.484513021        3.873006958        3.977287769        2.722567588                  0       0.4399231295       0.2464908688                  0                  0                  0
 "FRINGE2.2"                6.484513021        3.873006958        3.977287769        2.722567588                  0       0.4399231295       0.2464908688                  0                  0                  0
 "FRINGE3.2"                6.484513021        3.873006958        3.977287769        2.722567588                  0       0.4399231295       0.2464908688                  0                  0                  0
 "MB1.2"                    7.230641276        4.135486511        7.178367681        2.193150838                  0       0.4671393503       0.2702509519       0.7461282552                  0                  0
 "MULTI1.2"                 7.230641276        4.135486511        7.178367681        2.193150838                  0       0.4671393503       0.2702509519                  0                  0                  0
 "MB2.2"                    7.976769531        3.327036474        10.76555975        1.628802411                  0       0.5006372933       0.2829258786       0.7461282552                  0                  0
 "MULTI2.2"                 7.976769531        3.327036474        10.76555975        1.628802411                  0       0.5006372933       0.2829258786                  0                  0                  0
 "MB3.2"                    8.722897787        4.529563426        7.190834065        1.854414234                  0       0.5326240112       0.2955897904       0.7461282552                  0                  0
 "MULTI3.2"                 8.722897787        4.529563426        7.190834065        1.854414234                  0       0.5326240112       0.2955897904                  0                  0                  0
 "MB4.2"                    9.469026042        4.510168815        3.996553956        2.138422139                  0       0.5566969553       0.3192713982       0.7461282552                  0                  0
 "FRINGE4.2"                9.469026042        4.510168815        3.996553956        2.138422139                  0       0.5566969553       0.3192713982                  0                  0                  0
 "FRINGE5.2"                9.469026042        4.510168815        3.996553956        2.138422139                  0       0.5566969553       0.3192713982                  0                  0                  0
 "FRINGE6.2"                9.469026042        4.510168815        3.996553956        2.138422139                  0       0.5566969553       0.3192713982                  0                  0                  0
 "DRIFT_4"                  9.819026042        3.462191803        3.587229142        2.100641624                  0       0.5708121117        0.334004229               0.35                  0                  0
 "QQ2A.2"                   9.919026042          3.2165287        3.468169085        2.095246722                  0       0.5755861787       0.3385131838                0.1                  0                  0
 "DRIFT_5"                  13.11902604          3.2165287        3.468169085        2.095246722                  0       0.8417277912       0.5255149605                3.2                  0                  0
 "QQ2B.2"                   13.21902604        3.462191803        3.587229142        2.100641624                  0       0.8465018582       0.5300239154                0.1                  0                  0
 "DRIFT_6"                  13.51902604        4.348183489        3.932755295        2.133024923                  0       0.8588200106       0.5427494551                0.3                  0                  0
 "XS1.2"                    13.51902604        4.348183489        3.932755295        2.133024923                  0       0.8588200106       0.5427494551                  0                  0                  0
 "DRIFT_7"                  13.56902604        4.510168815        3.996553956        2.138422139                  0       0.8606170146       0.5447567462               0.05                  0                  0
 "TERACELL2$END"            13.56902604        4.510168815        3.996553956        2.138422139                  0       0.8606170146       0.5447567462                  0                  0                  0
 "TERACELL3$START"          13.56902604        4.510168815        3.996553956        2.138422139                  0       0.8606170146       0.5447567462                  0                  0                  0
 "FRINGE1.3"                13.56902604        4.510168815        3.996553956        2.138422139                  0       0.8606170146       0.5447567462                  0                  0                  0
 "FRINGE2.3"                13.56902604        4.510168815        3.996553956        2.138422139                  0       0.8606170146       0.5447567462                  0                  0                  0
 "FRINGE3.3"                13.56902604        4.510168815        3.996553956        2.138422139                  0       0.8606170146       0.5447567462                  0                  0                  0
 "MB1.3"                     14.3151543        4.529563426        7.190834065        1.854414234                  0       0.8846899587       0.5684383539       0.7461282552                  0                  0
 "MULTI1.3"                  14.3151543        4.529563426        7.190834065        1.854414234                  0       0.8846899587       0.5684383539                  0                  0                  0
 "MB2.3"                    15.06128255        3.327036474        10.76555975        1.628802411                  0       0.9166766766       0.5811022657       0.7461282552                  0                  0
 "MULTI2.3"                 15.06128255        3.327036474        10.76555975        1.628802411                  0       0.9166766766       0.5811022657                  0                  0                  0
 "MB3.3"                    15.80741081        4.135486511        7.178367681        2.193150838                  0       0.9501746196       0.5937771925       0.7461282552                  0                  0
 "MULTI3.3"                 15.80741081        4.135486511        7.178367681        2.193150838                  0       0.9501746196       0.5937771925                  0                  0                  0
 "MB4.3"                    16.55353906        3.873006958        3.977287769        2.722567588                  0       0.9773908404       0.6175372755       0.7461282552                  0                  0
 "FRINGE4.3"                16.55353906        3.873006958        3.977287769        2.722567588                  0       0.9773908404       0.6175372755                  0                  0                  0
 "FRINGE5.3"                16.55353906        3.873006958        3.977287769        2.722567588                  0       0.9773908404       0.6175372755                  0                  0                  0
 "FRINGE6.3"                16.55353906        3.873006958        3.977287769        2.722567588                  0       0.9773908404       0.6175372755                  0                  0                  0
 "DRIFT_8"                  16.90353906        2.886442893        3.563766286        2.733759328                  0       0.9940817081       0.6323545259               0.35                  0                  0
 "QQ1A.3"                   17.00353906        2.641471567        3.465851536        2.735358303                  0       0.9998457348       0.6368845844                0.1                  0                  0
 "DRIFT_9"                  19.10353906        1.676060775        3.101116449        2.735358303                  0        1.239899884       0.7475320589                2.1                  0                  0
 "XS2.3"                    19.10353906        1.676060775        3.101116449        2.735358303                  0        1.239899884       0.7475320589                  0                  0                  0
 "DRIFT_10"                 19.60353906        2.641471567        3.465851536        2.735358303                  0         1.27808525       0.7719003061                0.5                  0                  0
 "QQ1B.3"                   19.70353906        2.886442893        3.563766286        2.733759328                  0        1.283849276       0.7764303647                0.1                  0                  0
 "DRIFT_11"                 20.05353906        3.873006958        3.977287769        2.722567588                  0        1.300540144        0.791247615               0.35                  0                  0
 "TERACELL3$END"            20.05353906        3.873006958        3.977287769        2.722567588                  0        1.300540144        0.791247615                  0                  0                  0
 "TERACELL4$START"          20.05353906        3.873006958        3.977287769        2.722567588                  0        1.300540144        0.791247615                  0                  0                  0
 "FRINGE1.4"                20.05353906        3.873006958        3.977287769        2.722567588                  0        1.300540144        0.791247615                  0                  0                  0
 "FRINGE2.4"                20.05353906        3.873006958        3.977287769        2.722567588                  0        1.300540144        0.791247615                  0                  0                  0
 "FRINGE3.4"                20.05353906        3.873006958        3.977287769        2.722567588                  0        1.300540144        0.791247615                  0                  0                  0
 "MB1.4"                    20.79966732        4.135486511        7.178367681        2.193150838                  0        1.327756365       0.8150076981       0.7461282552                  0                  0
 "MULTI1.4"                 20.79966732        4.135486511        7.178367681        2.193150838                  0        1.327756365       0.8150076981                  0                  0                  0
 "MB2.4"                    21.54579557        3.327036474        10.76555975        1.628802411                  0        1.361254308       0.8276826248       0.7461282552                  0                  0
 "MULTI2.4"                 21.54579557        3.327036474        10.76555975        1.628802411                  0        1.361254308       0.8276826248                  0                  0                  0
 "MB3.4"                    22.29192383        4.529563426        7.190834065        1.854414234                  0        1.393241026       0.8403465366       0.7461282552                  0                  0
 "MULTI3.4"                 22.29192383        4.529563426        7.190834065        1.854414234                  0        1.393241026       0.8403465366                  0                  0                  0
 "MB4.4"                    23.03805208        4.510168815        3.996553956        2.138422139                  0         1.41731397       0.8640281443       0.7461282552                  0                  0
 "FRINGE4.4"                23.03805208        4.510168815        3.996553956        2.138422139                  0         1.41731397       0.8640281443                  0                  0                  0
 "FRINGE5.4"                23.03805208        4.510168815        3.996553956        2.138422139                  0         1.41731397       0.8640281443                  0                  0                  0
 "FRINGE6.4"                23.03805208        4.510168815        3.996553956        2.138422139                  0         1.41731397       0.8640281443                  0                  0                  0
 "DRIFT_12"                 23.08805208        4.348183489        3.932755295        2.133024923                  0        1.419110974       0.8660354354               0.05                  0                  0
 "XS1.4"                    23.08805208        4.348183489        3.932755295        2.133024923                  0        1.419110974       0.8660354354                  0                  0                  0
 "DRIFT_13"                 23.38805208        3.462191803        3.587229142        2.100641624                  0        1.431429126       0.8787609751                0.3                  0                  0
 "QQ2A.4"                   23.48805208          3.2165287        3.468169085        2.095246722                  0        1.436203193         0.88326993                0.1                  0                  0
 "DRIFT_14"                 26.68805208          3.2165287        3.468169085        2.095246722                  0        1.702344806        1.070271707                3.2                  0                  0
 "QQ2B.4"                   26.78805208        3.462191803        3.587229142        2.100641624                  0        1.707118873        1.074780662                0.1                  0                  0
 "DRIFT_15"                 27.13805208        4.510168815        3.996553956        2.138422139                  0        1.721234029        1.089513492               0.35                  0                  0
 "TERACELL4$END"            27.13805208        4.510168815        3.996553956        2.138422139                  0        1.721234029        1.089513492                  0                  0                  0
 "END_MACHINE"              27.13805208        4.510168815        3.996553956        2.138422139                  0        1.721234029        1.089513492                  0                  0                  0
 "TERARING$END"             27.13805208        4.510168815        3.996553956        2.138422139                  0        1.721234029        1.089513492                  0                  0                  0
